<?xml version="1.0" encoding="UTF-8"?>
<!-- Generated by org.testng.reporters.JUnitXMLReporter -->
<testsuite ignored="0" hostname="CHNMCT637524L" failures="11" tests="11" name="Test" time="3.306" errors="0" timestamp="2025-05-22T12:31:34 IST">
  <testcase classname="com.pages.TestPages" name="loginApplication" time="0.013">
    <failure type="java.lang.AssertionError" message="Unable to Login ">
      <![CDATA[java.lang.AssertionError: Unable to Login 
at com.testcases.TestCases.loginApplication(TestCases.java:47)
at com.pages.TestPages.loginApplication(TestPages.java:17)
at java.base/java.util.ArrayList.forEach(ArrayList.java:1511)
... Removed 28 stack frames]]>
    </failure>
  </testcase> <!-- loginApplication -->
  <testcase classname="com.pages.TestPages" name="textBox" time="0.024">
    <failure type="java.lang.AssertionError" message="Unable to enter text in text box ">
      <![CDATA[java.lang.AssertionError: Unable to enter text in text box 
at com.testcases.TestCases.textBox(TestCases.java:94)
at com.pages.TestPages.textBox(TestPages.java:23)
at java.base/java.util.ArrayList.forEach(ArrayList.java:1511)
... Removed 28 stack frames]]>
    </failure>
  </testcase> <!-- textBox -->
  <testcase classname="com.pages.TestPages" name="calender" time="0.002">
    <failure type="java.lang.AssertionError" message="Unable to select date in calender ">
      <![CDATA[java.lang.AssertionError: Unable to select date in calender 
at com.testcases.TestCases.calender(TestCases.java:312)
at com.pages.TestPages.calender(TestPages.java:29)
at java.base/java.util.ArrayList.forEach(ArrayList.java:1511)
... Removed 28 stack frames]]>
    </failure>
  </testcase> <!-- calender -->
  <testcase classname="com.pages.TestPages" name="dragAndDrop" time="0.002">
    <failure type="java.lang.AssertionError" message="Unable to do drag and drop">
      <![CDATA[java.lang.AssertionError: Unable to do drag and drop
at com.testcases.TestCases.dragAndDrop(TestCases.java:186)
at com.pages.TestPages.dragAndDrop(TestPages.java:35)
at java.base/java.util.ArrayList.forEach(ArrayList.java:1511)
... Removed 28 stack frames]]>
    </failure>
  </testcase> <!-- dragAndDrop -->
  <testcase classname="com.pages.TestPages" name="checkBox" time="0.002">
    <failure type="java.lang.AssertionError" message="Unable to check in checkbox ">
      <![CDATA[java.lang.AssertionError: Unable to check in checkbox 
at com.testcases.TestCases.checkBox(TestCases.java:160)
at com.pages.TestPages.checkBox(TestPages.java:41)
at java.base/java.util.ArrayList.forEach(ArrayList.java:1511)
... Removed 28 stack frames]]>
    </failure>
  </testcase> <!-- checkBox -->
  <testcase classname="com.pages.TestPages" name="mouseover" time="0.002">
    <failure type="java.lang.AssertionError" message="Unable to do mouse hover ">
      <![CDATA[java.lang.AssertionError: Unable to do mouse hover 
at com.testcases.TestCases.mouseOver(TestCases.java:239)
at com.pages.TestPages.mouseover(TestPages.java:47)
at java.base/java.util.ArrayList.forEach(ArrayList.java:1511)
... Removed 28 stack frames]]>
    </failure>
  </testcase> <!-- mouseover -->
  <testcase classname="com.pages.TestPages" name="uploadFile" time="0.002">
    <failure type="java.lang.AssertionError" message="Unable to upload file ">
      <![CDATA[java.lang.AssertionError: Unable to upload file 
at com.testcases.TestCases.uploadFile(TestCases.java:212)
at com.pages.TestPages.uploadFile(TestPages.java:53)
at java.base/java.util.ArrayList.forEach(ArrayList.java:1511)
... Removed 28 stack frames]]>
    </failure>
  </testcase> <!-- uploadFile -->
  <testcase classname="com.pages.TestPages" name="frame" time="0.003">
    <failure type="java.lang.AssertionError" message="Unable to switch between frames ">
      <![CDATA[java.lang.AssertionError: Unable to switch between frames 
at com.testcases.TestCases.frame(TestCases.java:275)
at com.pages.TestPages.frame(TestPages.java:59)
at java.base/java.util.ArrayList.forEach(ArrayList.java:1511)
... Removed 28 stack frames]]>
    </failure>
  </testcase> <!-- frame -->
  <testcase classname="com.pages.TestPages" name="dropDown" time="0.003">
    <failure type="java.lang.AssertionError" message="Unable to select dropdown ">
      <![CDATA[java.lang.AssertionError: Unable to select dropdown 
at com.testcases.TestCases.dropDown(TestCases.java:122)
at com.pages.TestPages.dropDown(TestPages.java:65)
at java.base/java.util.ArrayList.forEach(ArrayList.java:1511)
... Removed 28 stack frames]]>
    </failure>
  </testcase> <!-- dropDown -->
  <testcase classname="com.pages.TestPages" name="doubleClick" time="0.003">
    <failure type="java.lang.AssertionError" message="Unable to do double click ">
      <![CDATA[java.lang.AssertionError: Unable to do double click 
at com.testcases.TestCases.doubleClick(TestCases.java:349)
at com.pages.TestPages.doubleClick(TestPages.java:71)
at java.base/java.util.ArrayList.forEach(ArrayList.java:1511)
... Removed 28 stack frames]]>
    </failure>
  </testcase> <!-- doubleClick -->
  <testcase classname="com.pages.TestPages" name="form" time="0.002">
    <failure type="java.lang.AssertionError" message="Unable to submit form ">
      <![CDATA[java.lang.AssertionError: Unable to submit form 
at com.testcases.TestCases.form(TestCases.java:445)
at com.pages.TestPages.form(TestPages.java:77)
at java.base/java.util.ArrayList.forEach(ArrayList.java:1511)
... Removed 28 stack frames]]>
    </failure>
  </testcase> <!-- form -->
</testsuite> <!-- Test -->
